d:\vs_project\pt\pt\x64\release\vc141.pdb
d:\vs_project\pt\pt\x64\release\vec_math.obj
d:\vs_project\pt\pt\x64\release\main.obj
d:\vs_project\pt\pt\x64\release\init.obj
d:\vs_project\pt\pt\x64\release\gpu_scene.obj
d:\vs_project\pt\pt\x64\release\sphere.obj
d:\vs_project\pt\x64\release\pt.exe
d:\vs_project\pt\x64\release\pt.pdb
d:\vs_project\pt\x64\release\pt.lib
d:\vs_project\pt\x64\release\pt.exp
d:\vs_project\pt\x64\release\pt.ipdb
d:\vs_project\pt\x64\release\pt.iobj
d:\vs_project\pt\pt\x64\release\init_gpu_kernel.cu.cache
d:\vs_project\pt\pt\x64\release\render.cu.cache
d:\vs_project\pt\pt\x64\release\vec_math.cu.cache
d:\vs_project\pt\pt\x64\release\init_gpu_kernel.cu.obj
d:\vs_project\pt\pt\x64\release\pt.device-link.obj
d:\vs_project\pt\pt\x64\release\render.cu.obj
d:\vs_project\pt\pt\x64\release\vec_math.cu.obj
d:\vs_project\pt\pt\x64\release\pt.tlog\cl.command.1.tlog
d:\vs_project\pt\pt\x64\release\pt.tlog\cl.read.1.tlog
d:\vs_project\pt\pt\x64\release\pt.tlog\cl.write.1.tlog
d:\vs_project\pt\pt\x64\release\pt.tlog\cudacompile.read.1u.tlog
d:\vs_project\pt\pt\x64\release\pt.tlog\cudacompile.write.1u.tlog
d:\vs_project\pt\pt\x64\release\pt.tlog\link.command.1.tlog
d:\vs_project\pt\pt\x64\release\pt.tlog\link.delete.1.tlog
d:\vs_project\pt\pt\x64\release\pt.tlog\link.read.1.tlog
d:\vs_project\pt\pt\x64\release\pt.tlog\link.write.1.tlog
d:\vs_project\pt\pt\x64\release\pt.tlog\pt.write.1u.tlog
