  Compiling CUDA source file render.cu...
  
  D:\vs_project\PT\PT>"C:\Program Files\NVIDIA GPU Computing Toolkit\CUDA\v11.1\bin\nvcc.exe" -gencode=arch=compute_52,code=\"sm_52,compute_52\" --use-local-env -ccbin "C:\Program Files (x86)\Microsoft Visual Studio\2017\Community\VC\Tools\MSVC\14.16.27023\bin\HostX86\x64" -x cu   -I./SDL_inc -I"C:\Program Files\NVIDIA GPU Computing Toolkit\CUDA\v11.1\include" -I"C:\Program Files\NVIDIA GPU Computing Toolkit\CUDA\v11.1\include"     --keep-dir x64\Release -maxrregcount=0  --machine 64 --compile -cudart static     -DWIN32 -DWIN64 -DNDEBUG -D_CONSOLE -D_MBCS -Xcompiler "/EHsc /W3 /nologo /O2 /Fdx64\Release\vc141.pdb /FS   /MD " -o x64\Release\render.cu.obj "D:\vs_project\PT\PT\render.cu" 
d:\vs_project\pt\pt\mesh.h(138): warning : label "mesh" was declared but never referenced
  
D:/vs_project/PT/PT/render.cu(195): warning : variable "color" was declared but never referenced
  
D:/vs_project/PT/PT/render.cu(538): warning : variable "a" was declared but never referenced
  
D:/vs_project/PT/PT/render.cu(539): warning : variable "b" was declared but never referenced
  
D:/vs_project/PT/PT/render.cu(540): warning : variable "c" was declared but never referenced
  
  render.cu
d:\vs_project\pt\pt\image.h(120): warning C4267: '=': conversion from 'size_t' to 'int', possible loss of data
d:\vs_project\pt\pt\mesh.h(138): warning C4102: 'mesh': unreferenced label
d:\vs_project\pt\pt\pt.h(68): warning C4244: 'argument': conversion from 'double' to 'float', possible loss of data
  init.cpp
d:\vs_project\pt\pt\image.h(120): warning C4267: '=': conversion from 'size_t' to 'int', possible loss of data
d:\vs_project\pt\pt\mesh.h(138): warning C4102: 'mesh': unreferenced label
d:\vs_project\pt\pt\pt.h(68): warning C4244: 'argument': conversion from 'double' to 'float', possible loss of data
d:\vs_project\pt\pt\init.cpp(10): warning C4244: 'argument': conversion from 'int' to 'float', possible loss of data
d:\vs_project\pt\pt\init.cpp(10): warning C4244: '=': conversion from 'float' to 'int', possible loss of data
d:\vs_project\pt\pt\init.cpp(11): warning C4101: 'max_stack_size': unreferenced local variable
d:\vs_project\pt\pt\init.cpp(27): warning C4244: '=': conversion from 'float' to 'unsigned int', possible loss of data
d:\vs_project\pt\pt\init.cpp(28): warning C4244: '=': conversion from 'float' to 'unsigned int', possible loss of data
     Creating library D:\vs_project\PT\x64\Release\PT.lib and object D:\vs_project\PT\x64\Release\PT.exp
  Generating code
  1 of 761 functions ( 0.1%) were compiled, the rest were copied from previous compilation.
    0 functions were new in current compilation
    2 functions had inline decision re-evaluated but remain unchanged
  Finished generating code
  PT.vcxproj -> D:\vs_project\PT\x64\Release\PT.exe
